<?xml version="1.0" encoding="UTF-8"?>
<!-- Generated by org.testng.reporters.JUnitXMLReporter -->
<testsuite ignored="0" hostname="LAPTOP-IF1N6R8V" failures="0" tests="4" name="Default test" time="9.176" errors="0" timestamp="2020-08-11T16:05:57 BST">
  <testcase classname="com.RestAssuredDemo.RestAssuredDemo.Test02_Post" name="test_03_Post" time="7.456"/>
  <testcase classname="com.RestAssuredDemo.RestAssuredDemo.Test02_Post" name="test_04_Put" time="0.594"/>
  <testcase classname="com.RestAssuredDemo.RestAssuredDemo.Test02_Post" name="test_05_Patch" time="0.4"/>
  <testcase classname="com.RestAssuredDemo.RestAssuredDemo.Test02_Post" name="test_06_Delete" time="0.631"/>
</testsuite> <!-- Default test -->
