<?xml version="1.0" encoding="UTF-8"?>
<!-- Generated by org.testng.reporters.JUnitXMLReporter -->
<testsuite ignored="0" hostname="LAPTOP-IF1N6R8V" failures="0" tests="4" name="Default test" time="6.129" errors="0" timestamp="2020-08-12T14:05:26 BST">
  <testcase classname="com.RestAssuredDemo.RestAssuredDemo.Test02_Post" name="test_03_Post" time="5.28"/>
  <testcase classname="com.RestAssuredDemo.RestAssuredDemo.Test02_Post" name="test_04_Put" time="0.365"/>
  <testcase classname="com.RestAssuredDemo.RestAssuredDemo.Test02_Post" name="test_05_Patch" time="0.223"/>
  <testcase classname="com.RestAssuredDemo.RestAssuredDemo.Test02_Post" name="test_06_Delete" time="0.192"/>
</testsuite> <!-- Default test -->
