<?xml version="1.0" encoding="UTF-8"?>
<testng-results ignored="0" total="4" passed="4" failed="0" skipped="0">
  <reporter-output>
  </reporter-output>
  <suite started-at="2020-08-12T14:05:19 BST" name="Default suite" finished-at="2020-08-12T14:05:26 BST" duration-ms="6129">
    <groups>
    </groups>
    <test started-at="2020-08-12T14:05:19 BST" name="Default test" finished-at="2020-08-12T14:05:26 BST" duration-ms="6129">
      <class name="com.RestAssuredDemo.RestAssuredDemo.Test02_Post">
        <test-method signature="test_03_Post()[pri:0, instance:com.RestAssuredDemo.RestAssuredDemo.Test02_Post@11c9af63]" started-at="2020-08-12T14:05:20 BST" name="test_03_Post" finished-at="2020-08-12T14:05:25 BST" duration-ms="5280" status="PASS">
          <reporter-output>
          </reporter-output>
        </test-method> <!-- test_03_Post -->
        <test-method signature="test_04_Put()[pri:0, instance:com.RestAssuredDemo.RestAssuredDemo.Test02_Post@11c9af63]" started-at="2020-08-12T14:05:25 BST" name="test_04_Put" finished-at="2020-08-12T14:05:25 BST" duration-ms="365" status="PASS">
          <reporter-output>
          </reporter-output>
        </test-method> <!-- test_04_Put -->
        <test-method signature="test_05_Patch()[pri:0, instance:com.RestAssuredDemo.RestAssuredDemo.Test02_Post@11c9af63]" started-at="2020-08-12T14:05:25 BST" name="test_05_Patch" finished-at="2020-08-12T14:05:25 BST" duration-ms="223" status="PASS">
          <reporter-output>
          </reporter-output>
        </test-method> <!-- test_05_Patch -->
        <test-method signature="test_06_Delete()[pri:0, instance:com.RestAssuredDemo.RestAssuredDemo.Test02_Post@11c9af63]" started-at="2020-08-12T14:05:25 BST" name="test_06_Delete" finished-at="2020-08-12T14:05:26 BST" duration-ms="192" status="PASS">
          <reporter-output>
          </reporter-output>
        </test-method> <!-- test_06_Delete -->
      </class> <!-- com.RestAssuredDemo.RestAssuredDemo.Test02_Post -->
    </test> <!-- Default test -->
  </suite> <!-- Default suite -->
</testng-results>
