<?xml version="1.0" encoding="UTF-8"?>
<testng-results ignored="0" total="4" passed="4" failed="0" skipped="0">
  <reporter-output>
  </reporter-output>
  <suite started-at="2020-08-11T16:05:47 BST" name="Default suite" finished-at="2020-08-11T16:05:57 BST" duration-ms="9176">
    <groups>
    </groups>
    <test started-at="2020-08-11T16:05:47 BST" name="Default test" finished-at="2020-08-11T16:05:57 BST" duration-ms="9176">
      <class name="com.RestAssuredDemo.RestAssuredDemo.Test02_Post">
        <test-method signature="test_03_Post()[pri:0, instance:com.RestAssuredDemo.RestAssuredDemo.Test02_Post@11c9af63]" started-at="2020-08-11T16:05:47 BST" name="test_03_Post" finished-at="2020-08-11T16:05:55 BST" duration-ms="7456" status="PASS">
          <reporter-output>
          </reporter-output>
        </test-method> <!-- test_03_Post -->
        <test-method signature="test_04_Put()[pri:0, instance:com.RestAssuredDemo.RestAssuredDemo.Test02_Post@11c9af63]" started-at="2020-08-11T16:05:55 BST" name="test_04_Put" finished-at="2020-08-11T16:05:55 BST" duration-ms="594" status="PASS">
          <reporter-output>
          </reporter-output>
        </test-method> <!-- test_04_Put -->
        <test-method signature="test_05_Patch()[pri:0, instance:com.RestAssuredDemo.RestAssuredDemo.Test02_Post@11c9af63]" started-at="2020-08-11T16:05:55 BST" name="test_05_Patch" finished-at="2020-08-11T16:05:56 BST" duration-ms="400" status="PASS">
          <reporter-output>
          </reporter-output>
        </test-method> <!-- test_05_Patch -->
        <test-method signature="test_06_Delete()[pri:0, instance:com.RestAssuredDemo.RestAssuredDemo.Test02_Post@11c9af63]" started-at="2020-08-11T16:05:56 BST" name="test_06_Delete" finished-at="2020-08-11T16:05:57 BST" duration-ms="631" status="PASS">
          <reporter-output>
          </reporter-output>
        </test-method> <!-- test_06_Delete -->
      </class> <!-- com.RestAssuredDemo.RestAssuredDemo.Test02_Post -->
    </test> <!-- Default test -->
  </suite> <!-- Default suite -->
</testng-results>
